<?xml version="1.0" encoding="UTF-8"?>
<testng-results ignored="0" total="5" passed="4" failed="1" skipped="0">
  <reporter-output>
    <line>
      <![CDATA[ <a href="C:\Users\91976\eclipse-workspace\SeleniumWithTestNG\screenshot\right.jpg" target="_blank"> <img height=200 width=200 src="C:\Users\91976\eclipse-workspace\SeleniumWithTestNG\screenshot\below.jpg"> </a>]]>
    </line>
    <line>
      <![CDATA[ <a href="C:\Users\91976\eclipse-workspace\SeleniumWithTestNG\screenshot\right.jpg" target="_blank"> <img height=200 width=200 src="C:\Users\91976\eclipse-workspace\SeleniumWithTestNG\screenshot\below.jpg"> </a>]]>
    </line>
    <line>
      <![CDATA[ <a href="C:\Users\91976\eclipse-workspace\SeleniumWithTestNG\screenshot\right.jpg" target="_blank"> <img height=200 width=200 src="C:\Users\91976\eclipse-workspace\SeleniumWithTestNG\screenshot\below.jpg"> </a>]]>
    </line>
    <line>
      <![CDATA[ <a href="C:\Users\91976\eclipse-workspace\SeleniumWithTestNG\screenshot\right.jpg" target="_blank"> <img height=200 width=200 src="C:\Users\91976\eclipse-workspace\SeleniumWithTestNG\screenshot\below.jpg"> </a>]]>
    </line>
    <line>
      <![CDATA[ <a href="C:\Users\91976\eclipse-workspace\SeleniumWithTestNG\screenshot\below.jpg" target="_blank"> Screenshot Link </a>]]>
    </line>
  </reporter-output>
  <suite started-at="2023-12-28T23:18:45 IST" name="Suite" finished-at="2023-12-28T23:18:50 IST" duration-ms="4907">
    <groups>
      <group name="functional">
        <method signature="TestBrowsers.secondTest()[pri:1, instance:testcases.TestBrowsers@6340e5f0]" name="secondTest" class="testcases.TestBrowsers"/>
        <method signature="TestBrowsers.testCase1()[pri:0, instance:testcases.TestBrowsers@6340e5f0]" name="testCase1" class="testcases.TestBrowsers"/>
        <method signature="TestBrowsers.thirdTest()[pri:1, instance:testcases.TestBrowsers@6340e5f0]" name="thirdTest" class="testcases.TestBrowsers"/>
      </group> <!-- functional -->
      <group name="smoke">
        <method signature="TestBrowsers.fourthTest()[pri:1, instance:testcases.TestBrowsers@6340e5f0]" name="fourthTest" class="testcases.TestBrowsers"/>
        <method signature="TestBrowsers.secondTest()[pri:1, instance:testcases.TestBrowsers@6340e5f0]" name="secondTest" class="testcases.TestBrowsers"/>
      </group> <!-- smoke -->
    </groups>
    <test started-at="2023-12-28T23:18:45 IST" name="Test" finished-at="2023-12-28T23:18:50 IST" duration-ms="4907">
      <class name="testcases.TestBrowsers">
        <test-method signature="testCase1()[pri:0, instance:testcases.TestBrowsers@6340e5f0]" started-at="2023-12-28T23:18:45 IST" name="testCase1" finished-at="2023-12-28T23:18:50 IST" duration-ms="4833" status="PASS">
          <reporter-output>
            <line>
              <![CDATA[ <a href="C:\Users\91976\eclipse-workspace\SeleniumWithTestNG\screenshot\right.jpg" target="_blank"> <img height=200 width=200 src="C:\Users\91976\eclipse-workspace\SeleniumWithTestNG\screenshot\below.jpg"> </a>]]>
            </line>
          </reporter-output>
        </test-method> <!-- testCase1 -->
        <test-method signature="fourthTest()[pri:1, instance:testcases.TestBrowsers@6340e5f0]" started-at="2023-12-28T23:18:50 IST" name="fourthTest" finished-at="2023-12-28T23:18:50 IST" duration-ms="7" status="PASS">
          <reporter-output>
            <line>
              <![CDATA[ <a href="C:\Users\91976\eclipse-workspace\SeleniumWithTestNG\screenshot\right.jpg" target="_blank"> <img height=200 width=200 src="C:\Users\91976\eclipse-workspace\SeleniumWithTestNG\screenshot\below.jpg"> </a>]]>
            </line>
          </reporter-output>
        </test-method> <!-- fourthTest -->
        <test-method signature="secondTest()[pri:1, instance:testcases.TestBrowsers@6340e5f0]" started-at="2023-12-28T23:18:50 IST" name="secondTest" finished-at="2023-12-28T23:18:50 IST" duration-ms="1" status="PASS">
          <reporter-output>
            <line>
              <![CDATA[ <a href="C:\Users\91976\eclipse-workspace\SeleniumWithTestNG\screenshot\right.jpg" target="_blank"> <img height=200 width=200 src="C:\Users\91976\eclipse-workspace\SeleniumWithTestNG\screenshot\below.jpg"> </a>]]>
            </line>
          </reporter-output>
        </test-method> <!-- secondTest -->
        <test-method signature="thirdTest()[pri:1, instance:testcases.TestBrowsers@6340e5f0]" started-at="2023-12-28T23:18:50 IST" name="thirdTest" finished-at="2023-12-28T23:18:50 IST" duration-ms="3" status="PASS">
          <reporter-output>
            <line>
              <![CDATA[ <a href="C:\Users\91976\eclipse-workspace\SeleniumWithTestNG\screenshot\right.jpg" target="_blank"> <img height=200 width=200 src="C:\Users\91976\eclipse-workspace\SeleniumWithTestNG\screenshot\below.jpg"> </a>]]>
            </line>
          </reporter-output>
        </test-method> <!-- thirdTest -->
      </class> <!-- testcases.TestBrowsers -->
      <class name="testcases.ListenerDemo">
        <test-method signature="login()[pri:0, instance:testcases.ListenerDemo@45099dd3]" started-at="2023-12-28T23:18:50 IST" name="login" finished-at="2023-12-28T23:18:50 IST" duration-ms="3" status="FAIL">
          <exception class="java.lang.AssertionError">
            <message>
              <![CDATA[Failing the test deliberately]]>
            </message>
            <full-stacktrace>
              <![CDATA[java.lang.AssertionError: Failing the test deliberately
at org.testng.Assert.fail(Assert.java:97)
at testcases.ListenerDemo.login(ListenerDemo.java:12)
at java.base/jdk.internal.reflect.NativeMethodAccessorImpl.invoke0(Native Method)
at java.base/jdk.internal.reflect.NativeMethodAccessorImpl.invoke(NativeMethodAccessorImpl.java:77)
at java.base/jdk.internal.reflect.DelegatingMethodAccessorImpl.invoke(DelegatingMethodAccessorImpl.java:43)
at java.base/java.lang.reflect.Method.invoke(Method.java:568)
at org.testng.internal.MethodInvocationHelper.invokeMethod(MethodInvocationHelper.java:134)
at org.testng.internal.TestInvoker.invokeMethod(TestInvoker.java:597)
at org.testng.internal.TestInvoker.invokeTestMethod(TestInvoker.java:173)
at org.testng.internal.MethodRunner.runInSequence(MethodRunner.java:46)
at org.testng.internal.TestInvoker$MethodInvocationAgent.invoke(TestInvoker.java:816)
at org.testng.internal.TestInvoker.invokeTestMethods(TestInvoker.java:146)
at org.testng.internal.TestMethodWorker.invokeTestMethods(TestMethodWorker.java:146)
at org.testng.internal.TestMethodWorker.run(TestMethodWorker.java:128)
at java.base/java.util.ArrayList.forEach(ArrayList.java:1511)
at org.testng.TestRunner.privateRun(TestRunner.java:766)
at org.testng.TestRunner.run(TestRunner.java:587)
at org.testng.SuiteRunner.runTest(SuiteRunner.java:384)
at org.testng.SuiteRunner.runSequentially(SuiteRunner.java:378)
at org.testng.SuiteRunner.privateRun(SuiteRunner.java:337)
at org.testng.SuiteRunner.run(SuiteRunner.java:286)
at org.testng.SuiteRunnerWorker.runSuite(SuiteRunnerWorker.java:53)
at org.testng.SuiteRunnerWorker.run(SuiteRunnerWorker.java:96)
at org.testng.TestNG.runSuitesSequentially(TestNG.java:1187)
at org.testng.TestNG.runSuitesLocally(TestNG.java:1109)
at org.testng.TestNG.runSuites(TestNG.java:1039)
at org.testng.TestNG.run(TestNG.java:1007)
at org.testng.remote.AbstractRemoteTestNG.run(AbstractRemoteTestNG.java:115)
at org.testng.remote.RemoteTestNG.initAndRun(RemoteTestNG.java:251)
at org.testng.remote.RemoteTestNG.main(RemoteTestNG.java:77)
]]>
            </full-stacktrace>
          </exception> <!-- java.lang.AssertionError -->
          <reporter-output>
            <line>
              <![CDATA[ <a href="C:\Users\91976\eclipse-workspace\SeleniumWithTestNG\screenshot\below.jpg" target="_blank"> Screenshot Link </a>]]>
            </line>
          </reporter-output>
        </test-method> <!-- login -->
      </class> <!-- testcases.ListenerDemo -->
    </test> <!-- Test -->
  </suite> <!-- Suite -->
</testng-results>
